<?xml version="1.0" encoding="UTF-8"?>
<testsuite name="FifaTest" tests="1" skipped="0" failures="0" errors="0" timestamp="2023-12-28T21:08:22" hostname="MB-M39Y3MW9XG" time="0.009">
  <properties/>
  <testcase name="testRetournerCompetitionParJoueurTunisien()" classname="FifaTest" time="0.009"/>
  <system-out><![CDATA[]]></system-out>
  <system-err><![CDATA[]]></system-err>
</testsuite>
